<?xml version="1.0" encoding="UTF-8"?>
<!-- Generated by org.testng.reporters.JUnitReportReporter -->
<testsuite hostname="Abhirami" failures="0" tests="1" name="mavenforjenkins.UITest" time="10.004" errors="0" timestamp="2023-06-01T16:08:06 IST" skipped="0">
  <testcase classname="mavenforjenkins.UITest" name="startBrowser" time="10.004"/>
  <system-out/>
</testsuite> <!-- mavenforjenkins.UITest -->
